<?xml version="1.0" encoding="UTF-8"?>
<!-- Generated by org.testng.reporters.JUnitReportReporter -->
<testsuite hostname="DESKTOP-F0IKBET" failures="0" tests="1" name="ExtractAutomation.TestMethod" time="2.120" errors="0" timestamp="2024-09-09T21:17:37 IST" skipped="0">
  <testcase classname="ExtractAutomation.TestMethod" name="FileValidation" time="2.120"/>
  <system-out/>
</testsuite> <!-- ExtractAutomation.TestMethod -->
