<?xml version="1.0" encoding="UTF-8"?>
<!-- Generated by org.testng.reporters.JUnitReportReporter -->
<testsuite hostname="DESKTOP-F0IKBET" failures="0" tests="5" name="ProjectAutomation2.DataValidationTest" time="0.393" errors="0" timestamp="2024-08-19T21:04:49 IST" skipped="0">
  <testcase classname="ProjectAutomation2.DataValidationTest" name="validateFirstName" time="0.005"/>
  <system-out/>
  <testcase classname="ProjectAutomation2.DataValidationTest" name="validateFirstName" time="0.006"/>
  <system-out/>
  <testcase classname="ProjectAutomation2.DataValidationTest" name="validateFirstName" time="0.005"/>
  <system-out/>
  <testcase classname="ProjectAutomation2.DataValidationTest" name="validateFirstName" time="0.368"/>
  <system-out/>
  <testcase classname="ProjectAutomation2.DataValidationTest" name="validateFirstName" time="0.009"/>
  <system-out/>
</testsuite> <!-- ProjectAutomation2.DataValidationTest -->
