<?xml version="1.0" encoding="UTF-8"?>
<!-- Generated by org.testng.reporters.JUnitReportReporter -->
<testsuite hostname="DESKTOP-F0IKBET" failures="0" tests="1" name="DemoFramework.DemoClass3" time="0.001" errors="0" timestamp="2025-02-07T23:11:45 IST" skipped="0">
  <testcase classname="DemoFramework.DemoClass3" name="cloanEligibility" time="0.001"/>
  <system-out/>
</testsuite> <!-- DemoFramework.DemoClass3 -->
