<?xml version="1.0" encoding="UTF-8"?>
<!-- Generated by org.testng.reporters.JUnitReportReporter -->
<testsuite hostname="DESKTOP-F0IKBET" failures="0" tests="2" name="ExtractAutomation.JobRunStatucCheck" time="1.651" errors="0" timestamp="2024-09-09T20:14:06 IST" skipped="0">
  <testcase classname="ExtractAutomation.JobRunStatucCheck" name="JobRunStatusCheck" time="0.800"/>
  <system-out/>
  <testcase classname="ExtractAutomation.JobRunStatucCheck" name="fileNameCheck" time="0.851"/>
  <system-out/>
</testsuite> <!-- ExtractAutomation.JobRunStatucCheck -->
