<?xml version="1.0" encoding="UTF-8"?>
<!-- Generated by org.testng.reporters.JUnitReportReporter -->
<testsuite hostname="DESKTOP-F0IKBET" failures="0" tests="4" name="EndToEndAutomation.ECommerceAutomation" time="18.346" errors="0" timestamp="2024-08-28T13:23:49 IST" skipped="0">
  <testcase classname="EndToEndAutomation.ECommerceAutomation" name="Registration" time="4.041"/>
  <system-out/>
  <testcase classname="EndToEndAutomation.ECommerceAutomation" name="LoginTest" time="6.655"/>
  <system-out/>
  <testcase classname="EndToEndAutomation.ECommerceAutomation" name="AddToCart" time="6.682"/>
  <system-out/>
  <testcase classname="EndToEndAutomation.ECommerceAutomation" name="CartCheck" time="0.968"/>
  <system-out/>
</testsuite> <!-- EndToEndAutomation.ECommerceAutomation -->
